/home/pregis/ns3/ns-3.23/src/core/model/log.cc:487: warning: Missing group name for \ingroup command
/home/pregis/ns3/ns-3.23/doc/introspected-doxygen.h:25625: warning: the name `id-dot11s-id.h' supplied as the argument of the \class, \struct, \union, or \include command is not an input file
/home/pregis/ns3/ns-3.23/doc/introspected-doxygen.h:25669: warning: the name `id-dot11s-id.h' supplied as the argument of the \class, \struct, \union, or \include command is not an input file
/home/pregis/ns3/ns-3.23/doc/introspected-doxygen.h:27164: warning: the name `random-variable.h' supplied as the argument of the \class, \struct, \union, or \include command is not an input file
/home/pregis/ns3/ns-3.23/doc/introspected-doxygen.h:27208: warning: the name `random-variable.h' supplied as the argument of the \class, \struct, \union, or \include command is not an input file
/home/pregis/ns3/ns-3.23/doc/introspected-doxygen.h:26806: warning: no matching class member found for 
  Boolean ns3::BooleanValue::BooleanValue(const Boolean &value)
Possible candidates:
  ns3::BooleanValue::BooleanValue()
  ns3::BooleanValue::BooleanValue(bool value)

/home/pregis/ns3/ns-3.23/doc/introspected-doxygen.h:26868: warning: no matching class member found for 
  Callback ns3::CallbackValue::CallbackValue(const ns3::Callback< R, T1, T2, T3, T4, T5, T6, T7, T8, T9 > &value)
Possible candidates:
  ns3::CallbackValue::CallbackValue()
  ns3::CallbackValue::CallbackValue(const CallbackBase &base)

/home/pregis/ns3/ns-3.23/doc/introspected-doxygen.h:26873: warning: no uniquely matching class member found for 
  Callback ns3::CallbackValue::Get(void) const

/home/pregis/ns3/ns-3.23/doc/introspected-doxygen.h:26985: warning: no matching class member found for 
  Enum ns3::EnumValue::EnumValue(const int &value)
Possible candidates:
  ns3::EnumValue::EnumValue()
  ns3::EnumValue::EnumValue(int value)

/home/pregis/ns3/ns-3.23/doc/introspected-doxygen.h:27107: warning: no matching class member found for 
  Pointer ns3::PointerValue::PointerValue(const Pointer &value)
Possible candidates:
  ns3::PointerValue::PointerValue()
  ns3::PointerValue::PointerValue(Ptr< Object > object)
  'template < T >
  ns3::PointerValue::PointerValue(const Ptr< T > &object)

/home/pregis/ns3/ns-3.23/doc/introspected-doxygen.h:27169: warning: documented symbol `RandomVariable ns3::RandomVariableValue::RandomVariableValue' was not declared or defined.
/home/pregis/ns3/ns-3.23/doc/introspected-doxygen.h:27174: warning: no uniquely matching class member found for 
  RandomVariable ns3::RandomVariableValue::Get(void) const

/home/pregis/ns3/ns-3.23/doc/introspected-doxygen.h:27178: warning: no uniquely matching class member found for 
  bool ns3::RandomVariableValue::GetAccessor(T &value) const

/home/pregis/ns3/ns-3.23/doc/introspected-doxygen.h:27184: warning: no uniquely matching class member found for 
  void ns3::RandomVariableValue::Set(const RandomVariable &value)

/home/pregis/ns3/ns-3.23/doc/introspected-doxygen.h:27189: warning: no uniquely matching class member found for 
  RandomVariable ns3::RandomVariableValue::m_value

/home/pregis/ns3/ns-3.23/doc/introspected-doxygen.h:27195: warning: documented symbol `ns3::Ptr< const ns3::AttributeAccessor > ns3::MakeRandomVariableAccessor' was not declared or defined.
/home/pregis/ns3/ns-3.23/doc/introspected-doxygen.h:27201: warning: documented symbol `ns3::Ptr< const ns3::AttributeAccessor > ns3::MakeRandomVariableAccessor' was not declared or defined.
/home/pregis/ns3/ns-3.23/doc/introspected-doxygen.h:27214: warning: documented symbol `ns3::Ptr< const ns3::AttributeChecker > ns3::MakeRandomVariableChecker' was not declared or defined.
/home/pregis/ns3/ns-3.23/src/core/model/nstime.h:949: warning: Member documentation for MakeTimeChecker found several times in @ingroup groups!
/home/pregis/ns3/ns-3.23/doc/introspected-doxygen.h:27337: The member will remain in group time, and won't be put into group attribute_Time
/home/pregis/ns3/ns-3.23/doc/introspected-doxygen.h:27417: warning: no uniquely matching class member found for 
  EmptyAttribute ns3::EmptyAttributeValue::Get(void) const

/home/pregis/ns3/ns-3.23/doc/introspected-doxygen.h:27421: warning: no uniquely matching class member found for 
  bool ns3::EmptyAttributeValue::GetAccessor(T &value) const

/home/pregis/ns3/ns-3.23/doc/introspected-doxygen.h:27427: warning: no uniquely matching class member found for 
  void ns3::EmptyAttributeValue::Set(const EmptyAttribute &value)

/home/pregis/ns3/ns-3.23/doc/introspected-doxygen.h:27432: warning: no uniquely matching class member found for 
  EmptyAttribute ns3::EmptyAttributeValue::m_value

/home/pregis/ns3/ns-3.23/doc/introspected-doxygen.h:27455: warning: no uniquely matching class member found for 
  bool ns3::ObjectPtrContainerValue::GetAccessor(T &value) const

/home/pregis/ns3/ns-3.23/doc/introspected-doxygen.h:27461: warning: no uniquely matching class member found for 
  void ns3::ObjectPtrContainerValue::Set(const ObjectPtrContainer &value)

/home/pregis/ns3/ns-3.23/doc/introspected-doxygen.h:27466: warning: no uniquely matching class member found for 
  ObjectPtrContainer ns3::ObjectPtrContainerValue::m_value

/home/pregis/ns3/ns-3.23/src/internet/model/codel-queue.h:140: warning: no matching class member found for 
  CoDelQueueNewtonStepTest()

/home/pregis/ns3/ns-3.23/src/internet/model/codel-queue.h:141: warning: no matching class member found for 
  CoDelQueueControlLawTest()

/home/pregis/ns3/ns-3.23/src/internet/model/nsc-sysctl.cc:158: warning: no uniquely matching class member found for 
  TypeId ns3::Ns3NscStack::Ns3NscStack::GetTypeId(void)

/home/pregis/ns3/ns-3.23/src/core/model/int64x64-128.cc:26: warning: End of list marker found without any preceding list items
/home/pregis/ns3/ns-3.23/src/core/model/int64x64-128.h:34: warning: End of list marker found without any preceding list items
warning: Included by graph for 'log.h' not generated, too many nodes. Consider increasing DOT_GRAPH_MAX_NODES.
/home/pregis/ns3/ns-3.23/utils/print-introspected-doxygen.cc:661: warning: Unsupported xml/html tag <name> found
warning: Caller graph for 'ns3::MakeCallback' not generated, too many nodes. Consider increasing DOT_GRAPH_MAX_NODES.
warning: Caller graph for 'ns3::MakeBoundCallback' not generated, too many nodes. Consider increasing DOT_GRAPH_MAX_NODES.
warning: Caller graph for 'ns3::Config::Connect' not generated, too many nodes. Consider increasing DOT_GRAPH_MAX_NODES.
warning: Caller graph for 'ns3::Config::SetDefault' not generated, too many nodes. Consider increasing DOT_GRAPH_MAX_NODES.
warning: Caller graph for 'ns3::MakeTimeChecker' not generated, too many nodes. Consider increasing DOT_GRAPH_MAX_NODES.
warning: Caller graph for 'ns3::MicroSeconds' not generated, too many nodes. Consider increasing DOT_GRAPH_MAX_NODES.
warning: Caller graph for 'ns3::MilliSeconds' not generated, too many nodes. Consider increasing DOT_GRAPH_MAX_NODES.
warning: Caller graph for 'ns3::Seconds' not generated, too many nodes. Consider increasing DOT_GRAPH_MAX_NODES.
warning: Caller graph for 'ns3::Now' not generated, too many nodes. Consider increasing DOT_GRAPH_MAX_NODES.
warning: Caller graph for 'ns3::MakeTraceSourceAccessor' not generated, too many nodes. Consider increasing DOT_GRAPH_MAX_NODES.
warning: Caller graph for 'ns3::MakeBooleanAccessor' not generated, too many nodes. Consider increasing DOT_GRAPH_MAX_NODES.
warning: Caller graph for 'ns3::MakeBooleanChecker' not generated, too many nodes. Consider increasing DOT_GRAPH_MAX_NODES.
warning: Caller graph for 'ns3::MakeDoubleAccessor' not generated, too many nodes. Consider increasing DOT_GRAPH_MAX_NODES.
warning: Caller graph for 'ns3::MakePointerAccessor' not generated, too many nodes. Consider increasing DOT_GRAPH_MAX_NODES.
warning: Caller graph for 'ns3::MakeTimeAccessor' not generated, too many nodes. Consider increasing DOT_GRAPH_MAX_NODES.
warning: Caller graph for 'ns3::MakeUintegerAccessor' not generated, too many nodes. Consider increasing DOT_GRAPH_MAX_NODES.
warning: Call graph for 'LteDistributedFfrAreaTestCase::DoRun' not generated, too many nodes. Consider increasing DOT_GRAPH_MAX_NODES.
warning: Call graph for 'LteX2HandoverMeasuresTestCase::DoRun' not generated, too many nodes. Consider increasing DOT_GRAPH_MAX_NODES.
/home/pregis/ns3/ns-3.23/src/lte/test/test-lte-x2-handover.cc:47: warning: The following parameters of LteX2HandoverTestCase::LteX2HandoverTestCase(uint32_t nUes, uint32_t nDedicatedBearers, std::list< HandoverEvent > handoverEventList, std::string handoverEventListName, bool useUdp, std::string schedulerType, bool admitHo, bool useIdealRrc) are not documented:
  parameter 'schedulerType'
  parameter 'admitHo'
  parameter 'useIdealRrc'
warning: Call graph for 'LteX2HandoverTestCase::DoRun' not generated, too many nodes. Consider increasing DOT_GRAPH_MAX_NODES.
/home/pregis/ns3/ns-3.23/src/wave/examples/vanet-routing-compare.cc:472: warning: Found unknown command `\parm'
/home/pregis/ns3/ns-3.23/src/wave/examples/vanet-routing-compare.cc:471: warning: The following parameters of RoutingHelper::SetupRoutingPacketReceive(Ipv4Address addr, Ptr< Node > node) are not documented:
  parameter 'node'
/home/pregis/ns3/ns-3.23/src/wave/examples/vanet-routing-compare.cc:203: warning: argument 'socket' of command @param is not found in the argument list of RoutingStats::GetCumulativeTxBytes()
/home/pregis/ns3/ns-3.23/src/wifi/test/tx-duration-test.cc:43: warning: The following parameters of TxDurationTest::CheckPayloadDuration(uint32_t size, WifiMode payloadMode, WifiPreamble preamble, uint32_t knownDurationMicroSeconds) are not documented:
  parameter 'preamble'
warning: Call graph for 'anonymous_namespace{wifi-phy.cc}::Constructor::Constructor' not generated, too many nodes. Consider increasing DOT_GRAPH_MAX_NODES.
/home/pregis/ns3/ns-3.23/src/wifi/model/ampdu-subframe-header.h:54: warning: argument 'crc' of command @param is not found in the argument list of ns3::AmpduSubframeHeader::SetSig()
warning: Caller graph for 'ns3::ApplicationContainer::Start' not generated, too many nodes. Consider increasing DOT_GRAPH_MAX_NODES.
/home/pregis/ns3/ns-3.23/src/energy/helper/basic-energy-harvester-helper.h:44: warning: argument 'node' of command @param is not found in the argument list of ns3::BasicEnergyHarvesterHelper::DoInstall(Ptr< EnergySource > source) const inherited from member DoInstall at line 83 in file /home/pregis/ns3/ns-3.23/src/energy/helper/energy-harvester-helper.h
/home/pregis/ns3/ns-3.23/src/energy/helper/basic-energy-harvester-helper.h:44: warning: The following parameters of ns3::BasicEnergyHarvesterHelper::DoInstall(Ptr< EnergySource > source) const are not documented:
  parameter 'source'
/home/pregis/ns3/ns-3.23/src/brite/helper/brite-topology-helper.h:165: warning: argument 'network' of command @param is not found in the argument list of ns3::BriteTopologyHelper::AssignIpv6Addresses(Ipv6AddressHelper &address)
/home/pregis/ns3/ns-3.23/src/brite/helper/brite-topology-helper.h:165: warning: argument 'prefix' of command @param is not found in the argument list of ns3::BriteTopologyHelper::AssignIpv6Addresses(Ipv6AddressHelper &address)
/home/pregis/ns3/ns-3.23/src/brite/helper/brite-topology-helper.h:165: warning: The following parameters of ns3::BriteTopologyHelper::AssignIpv6Addresses(Ipv6AddressHelper &address) are not documented:
  parameter 'address'
/home/pregis/ns3/ns-3.23/src/brite/helper/brite-topology-helper.h:133: warning: The following parameters of ns3::BriteTopologyHelper::GetNodeForAs(uint32_t asNum, uint32_t nodeNum) are not documented:
  parameter 'nodeNum'
/home/pregis/ns3/ns-3.23/src/wave/model/bsm-application.h:81: warning: argument 'stream' of command @param is not found in the argument list of ns3::BsmApplication::AssignStreams(int64_t streamIndex)
/home/pregis/ns3/ns-3.23/src/wave/model/bsm-application.h:81: warning: The following parameters of ns3::BsmApplication::AssignStreams(int64_t streamIndex) are not documented:
  parameter 'streamIndex'
/home/pregis/ns3/ns-3.23/src/wave/model/bsm-application.h:105: warning: The following parameters of ns3::BsmApplication::GenerateWaveTraffic(Ptr< Socket > socket, uint32_t pktSize, uint32_t pktCount, Time pktInterval, uint32_t sendingNodeId) are not documented:
  parameter 'sendingNodeId'
/home/pregis/ns3/ns-3.23/src/wave/model/bsm-application.h:52: warning: argument 'gpsAccuracy' of command @param is not found in the argument list of ns3::BsmApplication::Setup(Ipv4InterfaceContainer &i, int nodeId, Time totalTime, uint32_t wavePacketSize, Time waveInterval, double gpsAccuracyNs, std::vector< double > rangesSq, Ptr< WaveBsmStats > waveBsmStats, std::vector< int > *nodesMoving, int mode, Time txDelay)
/home/pregis/ns3/ns-3.23/src/wave/model/bsm-application.h:52: warning: argument 'range' of command @param is not found in the argument list of ns3::BsmApplication::Setup(Ipv4InterfaceContainer &i, int nodeId, Time totalTime, uint32_t wavePacketSize, Time waveInterval, double gpsAccuracyNs, std::vector< double > rangesSq, Ptr< WaveBsmStats > waveBsmStats, std::vector< int > *nodesMoving, int mode, Time txDelay)
/home/pregis/ns3/ns-3.23/src/wave/model/bsm-application.h:52: warning: argument 'collection' of command @param is not found in the argument list of ns3::BsmApplication::Setup(Ipv4InterfaceContainer &i, int nodeId, Time totalTime, uint32_t wavePacketSize, Time waveInterval, double gpsAccuracyNs, std::vector< double > rangesSq, Ptr< WaveBsmStats > waveBsmStats, std::vector< int > *nodesMoving, int mode, Time txDelay)
/home/pregis/ns3/ns-3.23/src/wave/model/bsm-application.h:52: warning: argument 'indicators' of command @param is not found in the argument list of ns3::BsmApplication::Setup(Ipv4InterfaceContainer &i, int nodeId, Time totalTime, uint32_t wavePacketSize, Time waveInterval, double gpsAccuracyNs, std::vector< double > rangesSq, Ptr< WaveBsmStats > waveBsmStats, std::vector< int > *nodesMoving, int mode, Time txDelay)
/home/pregis/ns3/ns-3.23/src/wave/model/bsm-application.h:52: warning: The following parameters of ns3::BsmApplication::Setup(Ipv4InterfaceContainer &i, int nodeId, Time totalTime, uint32_t wavePacketSize, Time waveInterval, double gpsAccuracyNs, std::vector< double > rangesSq, Ptr< WaveBsmStats > waveBsmStats, std::vector< int > *nodesMoving, int mode, Time txDelay) are not documented:
  parameter 'gpsAccuracyNs'
  parameter 'rangesSq'
  parameter 'waveBsmStats'
  parameter 'nodesMoving'
  parameter 'mode'
  parameter 'txDelay'
warning: Caller graph for 'ns3::Buffer::Iterator::GetDistanceFrom' not generated, too many nodes. Consider increasing DOT_GRAPH_MAX_NODES.
warning: Caller graph for 'ns3::Buffer::Iterator::Next' not generated, too many nodes. Consider increasing DOT_GRAPH_MAX_NODES.
warning: Caller graph for 'ns3::Buffer::Iterator::ReadU8' not generated, too many nodes. Consider increasing DOT_GRAPH_MAX_NODES.
warning: Caller graph for 'ns3::Buffer::Iterator::Write' not generated, too many nodes. Consider increasing DOT_GRAPH_MAX_NODES.
warning: Caller graph for 'ns3::Buffer::Iterator::WriteU8' not generated, too many nodes. Consider increasing DOT_GRAPH_MAX_NODES.
warning: Caller graph for 'ns3::Callback::IsNull' not generated, too many nodes. Consider increasing DOT_GRAPH_MAX_NODES.
/home/pregis/ns3/ns-3.23/src/wave/model/channel-scheduler.h:179: warning: The following parameters of ns3::ChannelScheduler::AssignExtendedAccess(uint32_t channelNumber, uint32_t extends, bool immediate)=0 are not documented:
  parameter 'extends'
/home/pregis/ns3/ns-3.23/src/wave/model/channel-scheduler.h:144: warning: End of list marker found without any preceding list items
/home/pregis/ns3/ns-3.23/src/wave/model/channel-scheduler.h:111: warning: End of list marker found without any preceding list items
/home/pregis/ns3/ns-3.23/src/wave/model/channel-scheduler.h:115: warning: End of list marker found without any preceding list items
/home/pregis/ns3/ns-3.23/src/wave/model/channel-scheduler.h:147: warning: argument 'sch_info' of command @param is not found in the argument list of ns3::ChannelScheduler::StartSch(const SchInfo &schInfo)
/home/pregis/ns3/ns-3.23/src/wave/model/channel-scheduler.h:147: warning: The following parameters of ns3::ChannelScheduler::StartSch(const SchInfo &schInfo) are not documented:
  parameter 'schInfo'
/home/pregis/ns3/ns-3.23/src/wave/model/default-channel-scheduler.h:71: warning: The following parameters of ns3::DefaultChannelScheduler::AssignExtendedAccess(uint32_t channelNumber, uint32_t extends, bool immediate) are not documented:
  parameter 'extends'
/home/pregis/ns3/ns-3.23/src/wave/model/default-channel-scheduler.h:46: warning: End of list marker found without any preceding list items
/home/pregis/ns3/ns-3.23/src/wifi/model/edca-txop-n.h:164: warning: argument 'recipient' of command @param is not found in the argument list of ns3::EdcaTxopN::GetBaAgreementExists(Mac48Address address, uint8_t tid)
/home/pregis/ns3/ns-3.23/src/wifi/model/edca-txop-n.h:164: warning: The following parameters of ns3::EdcaTxopN::GetBaAgreementExists(Mac48Address address, uint8_t tid) are not documented:
  parameter 'address'
/home/pregis/ns3/ns-3.23/src/wifi/model/edca-txop-n.h:173: warning: argument 'recipient' of command @param is not found in the argument list of ns3::EdcaTxopN::GetNOutstandingPacketsInBa(Mac48Address address, uint8_t tid)
/home/pregis/ns3/ns-3.23/src/wifi/model/edca-txop-n.h:173: warning: The following parameters of ns3::EdcaTxopN::GetNOutstandingPacketsInBa(Mac48Address address, uint8_t tid) are not documented:
  parameter 'address'
/home/pregis/ns3/ns-3.23/src/wifi/model/edca-txop-n.cc:180: warning: argument 'recipient' of command @param is not found in the argument list of ns3::EdcaTxopN::AggregationCapableTransmissionListener::GetBlockAckAgreementExists(Mac48Address address, uint8_t tid) inherited from member GetBlockAckAgreementExists at line 252 in file /home/pregis/ns3/ns-3.23/src/wifi/model/mac-low.h
/home/pregis/ns3/ns-3.23/src/wifi/model/edca-txop-n.cc:180: warning: The following parameters of ns3::EdcaTxopN::AggregationCapableTransmissionListener::GetBlockAckAgreementExists(Mac48Address address, uint8_t tid) are not documented:
  parameter 'address'
/home/pregis/ns3/ns-3.23/src/energy/helper/energy-harvester-helper.h:83: warning: argument 'node' of command @param is not found in the argument list of ns3::EnergyHarvesterHelper::DoInstall(Ptr< EnergySource > source) const =0
/home/pregis/ns3/ns-3.23/src/energy/helper/energy-harvester-helper.h:83: warning: The following parameters of ns3::EnergyHarvesterHelper::DoInstall(Ptr< EnergySource > source) const =0 are not documented:
  parameter 'source'
/home/pregis/ns3/ns-3.23/src/energy/helper/energy-harvester-helper.h:74: warning: argument 'nodeName' of command @param is not found in the argument list of ns3::EnergyHarvesterHelper::Install(std::string sourceName) const
/home/pregis/ns3/ns-3.23/src/energy/helper/energy-harvester-helper.h:74: warning: The following parameters of ns3::EnergyHarvesterHelper::Install(std::string sourceName) const are not documented:
  parameter 'sourceName'
/home/pregis/ns3/ns-3.23/src/lte/model/epc-enb-application.h:161: warning: The following parameters of ns3::EpcEnbApplication::SendToLteSocket(Ptr< Packet > packet, uint16_t rnti, uint8_t bid) are not documented:
  parameter 'rnti'
/home/pregis/ns3/ns-3.23/src/lte/model/epc-mme.h:86: warning: The following parameters of ns3::EpcMme::AddEnb(uint16_t ecgi, Ipv4Address enbS1UAddr, EpcS1apSapEnb *enbS1apSap) are not documented:
  parameter 'enbS1UAddr'
/home/pregis/ns3/ns-3.23/src/lte/model/epc-s1ap-sap.h:72: warning: argument 'List' of command @param is not found in the argument list of ns3::EpcS1apSapMme::ErabReleaseIndication(uint64_t mmeUeS1Id, uint16_t enbUeS1Id, std::list< ErabToBeReleasedIndication > erabToBeReleaseIndication)=0
/home/pregis/ns3/ns-3.23/src/lte/model/epc-sgw-pgw-application.h:97: warning: The following parameters of ns3::EpcSgwPgwApplication::SendToTunDevice(Ptr< Packet > packet, uint32_t teid) are not documented:
  parameter 'teid'
/home/pregis/ns3/ns-3.23/src/lte/model/epc-sgw-pgw-application.h:179: warning: argument 'the' of command @param is not found in the argument list of ns3::EpcSgwPgwApplication::UeInfo::RemoveBearer(uint8_t bearerId)
/home/pregis/ns3/ns-3.23/src/lte/model/epc-tft-classifier.h:49: warning: The following parameters of ns3::EpcTftClassifier::Add(Ptr< EpcTft > tft, uint32_t id) are not documented:
  parameter 'id'
/home/pregis/ns3/ns-3.23/src/lte/model/epc-tft-classifier.h:65: warning: The following parameters of ns3::EpcTftClassifier::Classify(Ptr< Packet > p, EpcTft::Direction direction) are not documented:
  parameter 'direction'
/home/pregis/ns3/ns-3.23/src/lte/model/epc-ue-nas.h:174: warning: Found unknown command `\pararm'
warning: Caller graph for 'ns3::EventId::Cancel' not generated, too many nodes. Consider increasing DOT_GRAPH_MAX_NODES.
warning: Caller graph for 'ns3::EventId::IsRunning' not generated, too many nodes. Consider increasing DOT_GRAPH_MAX_NODES.
/home/pregis/ns3/ns-3.23/src/fd-net-device/helper/fd-net-device-helper.h:112: warning: The following parameters of ns3::FdNetDeviceHelper::EnableAsciiInternal(Ptr< OutputStreamWrapper > stream, std::string prefix, Ptr< NetDevice > nd, bool explicitFilename) are not documented:
  parameter 'explicitFilename'
warning: Caller graph for 'ns3::InternetStackHelper::Install' not generated, too many nodes. Consider increasing DOT_GRAPH_MAX_NODES.
warning: Caller graph for 'ns3::Ipv4AddressHelper::Assign' not generated, too many nodes. Consider increasing DOT_GRAPH_MAX_NODES.
warning: Caller graph for 'ns3::Ipv4AddressHelper::SetBase' not generated, too many nodes. Consider increasing DOT_GRAPH_MAX_NODES.
warning: Caller graph for 'ns3::Ipv4Header::GetDestination' not generated, too many nodes. Consider increasing DOT_GRAPH_MAX_NODES.
warning: Caller graph for 'ns3::Ipv4InterfaceContainer::GetAddress' not generated, too many nodes. Consider increasing DOT_GRAPH_MAX_NODES.
/home/pregis/ns3/ns-3.23/src/lte/model/lte-harq-phy.h:125: warning: The following parameters of ns3::LteHarqPhy::ResetUlHarqProcessStatus(uint16_t rnti, uint8_t id) are not documented:
  parameter 'rnti'
/home/pregis/ns3/ns-3.23/src/lte/model/lte-harq-phy.h:97: warning: The following parameters of ns3::LteHarqPhy::UpdateDlHarqProcessStatus(uint8_t id, uint8_t layer, double mi, uint16_t infoBytes, uint16_t codeBytes) are not documented:
  parameter 'codeBytes'
/home/pregis/ns3/ns-3.23/src/lte/model/lte-harq-phy.h:115: warning: The following parameters of ns3::LteHarqPhy::UpdateUlHarqProcessStatus(uint16_t rnti, double mi, uint16_t infoBytes, uint16_t codeBytes) are not documented:
  parameter 'codeBytes'
warning: Caller graph for 'ns3::LteHelper::Attach' not generated, too many nodes. Consider increasing DOT_GRAPH_MAX_NODES.
warning: Caller graph for 'ns3::LteHelper::InstallEnbDevice' not generated, too many nodes. Consider increasing DOT_GRAPH_MAX_NODES.
warning: Caller graph for 'ns3::LteHelper::InstallUeDevice' not generated, too many nodes. Consider increasing DOT_GRAPH_MAX_NODES.
/home/pregis/ns3/ns-3.23/src/lte/model/lte-mac-sap.h:100: warning: The following parameters of ns3::LteMacSapUser::NotifyTxOpportunity(uint32_t bytes, uint8_t layer, uint8_t harqId)=0 are not documented:
  parameter 'harqId'
/home/pregis/ns3/ns-3.23/src/lte/model/lte-rlc.cc:44: warning: The following parameters of ns3::LteRlcSpecificLteMacSapUser::NotifyTxOpportunity(uint32_t bytes, uint8_t layer, uint8_t harqId) are not documented:
  parameter 'harqId'
/home/pregis/ns3/ns-3.23/src/lte/model/lte-spectrum-phy.h:374: warning: The following parameters of ns3::LteSpectrumPhy::AddExpectedTb(uint16_t rnti, uint8_t ndi, uint16_t size, uint8_t mcs, std::vector< int > map, uint8_t layer, uint8_t harqId, uint8_t rv, bool downlink) are not documented:
  parameter 'rv'
/home/pregis/ns3/ns-3.23/src/lte/model/lte-ue-phy-sap.h:56: warning: The following parameters of ns3::LteUePhySapProvider::SendRachPreamble(uint32_t prachId, uint32_t raRnti)=0 are not documented:
  parameter 'raRnti'
warning: Caller graph for 'ns3::Mac48Address::ConvertFrom' not generated, too many nodes. Consider increasing DOT_GRAPH_MAX_NODES.
warning: Caller graph for 'ns3::Mac48Address::IsGroup' not generated, too many nodes. Consider increasing DOT_GRAPH_MAX_NODES.
/home/pregis/ns3/ns-3.23/src/wifi/model/mac-low.h:995: warning: argument 'dataTxVector' of command @param is not found in the argument list of ns3::MacLow::GetBlockAckDuration(Mac48Address to, WifiTxVector blockAckReqTxVector, enum BlockAckType type) const
/home/pregis/ns3/ns-3.23/src/wifi/model/mac-low.h:995: warning: The following parameters of ns3::MacLow::GetBlockAckDuration(Mac48Address to, WifiTxVector blockAckReqTxVector, enum BlockAckType type) const are not documented:
  parameter 'blockAckReqTxVector'
/home/pregis/ns3/ns-3.23/src/wifi/model/mac-low.h:511: warning: argument 'phy' of command @param is not found in the argument list of ns3::MacLow::ResetPhy(void)
/home/pregis/ns3/ns-3.23/src/wifi/model/mac-low.h:877: warning: argument 'hdr' of command @param is not found in the argument list of ns3::MacLow::SendPacket(Ptr< const Packet > packet, WifiTxVector txVector, WifiPreamble preamble, uint8_t packetType)
/home/pregis/ns3/ns-3.23/src/wifi/model/mac-low.h:877: warning: The following parameters of ns3::MacLow::SendPacket(Ptr< const Packet > packet, WifiTxVector txVector, WifiPreamble preamble, uint8_t packetType) are not documented:
  parameter 'packetType'
/home/pregis/ns3/ns-3.23/src/wifi/model/mac-low.h:252: warning: argument 'recipient' of command @param is not found in the argument list of ns3::MacLowAggregationCapableTransmissionListener::GetBlockAckAgreementExists(Mac48Address address, uint8_t tid)=0
/home/pregis/ns3/ns-3.23/src/wifi/model/mac-low.h:252: warning: The following parameters of ns3::MacLowAggregationCapableTransmissionListener::GetBlockAckAgreementExists(Mac48Address address, uint8_t tid)=0 are not documented:
  parameter 'address'
/home/pregis/ns3/ns-3.23/src/lte/model/epc-s1ap-sap.h:196: warning: argument 'List' of command @param is not found in the argument list of ns3::MemberEpcS1apSapMme< C >::ErabReleaseIndication(uint64_t mmeUeS1Id, uint16_t enbUeS1Id, std::list< ErabToBeReleasedIndication > erabToBeReleaseIndication) inherited from member ErabReleaseIndication at line 72 in file /home/pregis/ns3/ns-3.23/src/lte/model/epc-s1ap-sap.h
warning: Caller graph for 'ns3::MobilityHelper::Install' not generated, too many nodes. Consider increasing DOT_GRAPH_MAX_NODES.
warning: Caller graph for 'ns3::MobilityHelper::SetMobilityModel' not generated, too many nodes. Consider increasing DOT_GRAPH_MAX_NODES.
warning: Caller graph for 'ns3::MobilityHelper::SetPositionAllocator' not generated, too many nodes. Consider increasing DOT_GRAPH_MAX_NODES.
warning: Caller graph for 'ns3::MobilityModel::SetPosition' not generated, too many nodes. Consider increasing DOT_GRAPH_MAX_NODES.
warning: Caller graph for 'ns3::NetDeviceContainer::Add' not generated, too many nodes. Consider increasing DOT_GRAPH_MAX_NODES.
warning: Caller graph for 'ns3::NetDeviceContainer::Get' not generated, too many nodes. Consider increasing DOT_GRAPH_MAX_NODES.
warning: Caller graph for 'ns3::Node::AddDevice' not generated, too many nodes. Consider increasing DOT_GRAPH_MAX_NODES.
warning: Caller graph for 'ns3::Node::GetId' not generated, too many nodes. Consider increasing DOT_GRAPH_MAX_NODES.
warning: Caller graph for 'ns3::NodeContainer::Begin' not generated, too many nodes. Consider increasing DOT_GRAPH_MAX_NODES.
warning: Caller graph for 'ns3::NodeContainer::Create' not generated, too many nodes. Consider increasing DOT_GRAPH_MAX_NODES.
warning: Caller graph for 'ns3::NodeContainer::End' not generated, too many nodes. Consider increasing DOT_GRAPH_MAX_NODES.
warning: Caller graph for 'ns3::NodeContainer::Get' not generated, too many nodes. Consider increasing DOT_GRAPH_MAX_NODES.
/home/pregis/ns3/ns-3.23/src/mpi/model/null-message-mpi-interface.h:144: warning: Found unknown command `\bundle'
/home/pregis/ns3/ns-3.23/src/mpi/model/null-message-mpi-interface.h:143: warning: The following parameters of ns3::NullMessageMpiInterface::SendNullMessage(const Time &guaranteeUpdate, Ptr< RemoteChannelBundle > bundle) are not documented:
  parameter 'bundle'
warning: Caller graph for 'ns3::Object::AggregateObject' not generated, too many nodes. Consider increasing DOT_GRAPH_MAX_NODES.
warning: Caller graph for 'ns3::Object::DoDispose' not generated, too many nodes. Consider increasing DOT_GRAPH_MAX_NODES.
warning: Caller graph for 'ns3::Object::GetObject' not generated, too many nodes. Consider increasing DOT_GRAPH_MAX_NODES.
warning: Caller graph for 'ns3::ObjectBase::SetAttribute' not generated, too many nodes. Consider increasing DOT_GRAPH_MAX_NODES.
warning: Caller graph for 'ns3::ObjectFactory::Create' not generated, too many nodes. Consider increasing DOT_GRAPH_MAX_NODES.
warning: Caller graph for 'ns3::ObjectFactory::Set' not generated, too many nodes. Consider increasing DOT_GRAPH_MAX_NODES.
warning: Caller graph for 'ns3::ObjectFactory::SetTypeId' not generated, too many nodes. Consider increasing DOT_GRAPH_MAX_NODES.
/home/pregis/ns3/ns-3.23/src/wave/model/ocb-wifi-mac.h:96: warning: argument 'bssid' of command @param is not found in the argument list of ns3::OcbWifiMac::GetBssid(void) const
/home/pregis/ns3/ns-3.23/src/openflow/model/openflow-switch-net-device.h:276: warning: explicit link request to 'ENOMEM' could not be resolved
/home/pregis/ns3/ns-3.23/src/openflow/model/openflow-switch-net-device.h:276: warning: explicit link request to 'ENOBUFS' could not be resolved
/home/pregis/ns3/ns-3.23/src/openflow/model/openflow-switch-net-device.h:276: warning: explicit link request to 'ESRCH' could not be resolved
/home/pregis/ns3/ns-3.23/src/openflow/model/openflow-switch-net-device.h:132: warning: explicit link request to 'EXFULL' could not be resolved
/home/pregis/ns3/ns-3.23/src/openflow/model/openflow-switch-net-device.h:144: warning: explicit link request to 'EINVAL' could not be resolved
/home/pregis/ns3/ns-3.23/src/openflow/model/openflow-switch-net-device.h:302: warning: The following parameters of ns3::OpenFlowSwitchNetDevice::OutputPacket(uint32_t packet_uid, int out_port) are not documented:
  parameter 'out_port'
/home/pregis/ns3/ns-3.23/src/openflow/model/openflow-switch-net-device.h:466: warning: argument 'msg' of command @param is not found in the argument list of ns3::OpenFlowSwitchNetDevice::ReceiveEchoReply(const void *oh)
/home/pregis/ns3/ns-3.23/src/openflow/model/openflow-switch-net-device.h:466: warning: The following parameters of ns3::OpenFlowSwitchNetDevice::ReceiveEchoReply(const void *oh) are not documented:
  parameter 'oh'
/home/pregis/ns3/ns-3.23/src/openflow/model/openflow-switch-net-device.h:466: warning: argument 'msg' of command @param is not found in the argument list of ns3::OpenFlowSwitchNetDevice::ReceiveEchoRequest(const void *oh)
/home/pregis/ns3/ns-3.23/src/openflow/model/openflow-switch-net-device.h:466: warning: The following parameters of ns3::OpenFlowSwitchNetDevice::ReceiveEchoRequest(const void *oh) are not documented:
  parameter 'oh'
/home/pregis/ns3/ns-3.23/src/openflow/model/openflow-switch-net-device.h:251: warning: argument 'PacketType' of command @param is not found in the argument list of ns3::OpenFlowSwitchNetDevice::ReceiveFromDevice(Ptr< NetDevice > netdev, Ptr< const Packet > packet, uint16_t protocol, const Address &src, const Address &dst, PacketType packetType)
/home/pregis/ns3/ns-3.23/src/openflow/model/openflow-switch-net-device.h:251: warning: The following parameters of ns3::OpenFlowSwitchNetDevice::ReceiveFromDevice(Ptr< NetDevice > netdev, Ptr< const Packet > packet, uint16_t protocol, const Address &src, const Address &dst, PacketType packetType) are not documented:
  parameter 'packetType'
/home/pregis/ns3/ns-3.23/src/openflow/model/openflow-switch-net-device.h:466: warning: argument 'msg' of command @param is not found in the argument list of ns3::OpenFlowSwitchNetDevice::ReceiveStatsRequest(const void *oh)
/home/pregis/ns3/ns-3.23/src/openflow/model/openflow-switch-net-device.h:466: warning: The following parameters of ns3::OpenFlowSwitchNetDevice::ReceiveStatsRequest(const void *oh) are not documented:
  parameter 'oh'
warning: Caller graph for 'ns3::OutputStreamWrapper::GetStream' not generated, too many nodes. Consider increasing DOT_GRAPH_MAX_NODES.
warning: Caller graph for 'ns3::Packet::AddHeader' not generated, too many nodes. Consider increasing DOT_GRAPH_MAX_NODES.
warning: Caller graph for 'ns3::Packet::AddPacketTag' not generated, too many nodes. Consider increasing DOT_GRAPH_MAX_NODES.
warning: Caller graph for 'ns3::Packet::Copy' not generated, too many nodes. Consider increasing DOT_GRAPH_MAX_NODES.
warning: Caller graph for 'ns3::Packet::CopyData' not generated, too many nodes. Consider increasing DOT_GRAPH_MAX_NODES.
warning: Caller graph for 'ns3::Packet::GetSize' not generated, too many nodes. Consider increasing DOT_GRAPH_MAX_NODES.
warning: Caller graph for 'ns3::Packet::GetUid' not generated, too many nodes. Consider increasing DOT_GRAPH_MAX_NODES.
warning: Caller graph for 'ns3::Packet::RemoveHeader' not generated, too many nodes. Consider increasing DOT_GRAPH_MAX_NODES.
/home/pregis/ns3/ns-3.23/src/applications/model/radvd-interface.h:318: warning: argument 'the' of command @param is not found in the argument list of ns3::RadvdInterface::SetLastRaTxTime(Time now)
/home/pregis/ns3/ns-3.23/src/applications/model/radvd-interface.h:318: warning: The following parameters of ns3::RadvdInterface::SetLastRaTxTime(Time now) are not documented:
  parameter 'now'
/home/pregis/ns3/ns-3.23/src/mobility/model/random-direction-mobility-model.h:63: warning: The following parameters of ns3::RandomDirectionMobilityModel::SetDirectionAndSpeed(double direction, double dirAzi) are not documented:
  parameter 'dirAzi'
warning: Caller graph for 'ns3::RandomVariableStream::SetStream' not generated, too many nodes. Consider increasing DOT_GRAPH_MAX_NODES.
/home/pregis/ns3/ns-3.23/src/mobility/model/rectangle.h:104: warning: The following parameters of ns3::Rectangle::CollisionPoint(const Vector &current, const Vector &next, const Vector &speed) const are not documented:
  parameter 'next'
/home/pregis/ns3/ns-3.23/src/mobility/model/rectangle.h:95: warning: The following parameters of ns3::Rectangle::DoesCollide(const Vector &current, const Vector &next, const Vector &speed) const are not documented:
  parameter 'next'
/home/pregis/ns3/ns-3.23/src/mpi/model/remote-channel-bundle.h:74: warning: argument 'guarantee' of command @param is not found in the argument list of ns3::RemoteChannelBundle::SetGuaranteeTime(Time time)
/home/pregis/ns3/ns-3.23/src/mpi/model/remote-channel-bundle.h:74: warning: The following parameters of ns3::RemoteChannelBundle::SetGuaranteeTime(Time time) are not documented:
  parameter 'time'
warning: Caller graph for 'ns3::Simulator::Now' not generated, too many nodes. Consider increasing DOT_GRAPH_MAX_NODES.
warning: Caller graph for 'ns3::Simulator::Schedule' not generated, too many nodes. Consider increasing DOT_GRAPH_MAX_NODES.
warning: Caller graph for 'ns3::Simulator::ScheduleNow' not generated, too many nodes. Consider increasing DOT_GRAPH_MAX_NODES.
warning: Caller graph for 'ns3::Socket::Bind' not generated, too many nodes. Consider increasing DOT_GRAPH_MAX_NODES.
warning: Caller graph for 'ns3::Socket::SetRecvCallback' not generated, too many nodes. Consider increasing DOT_GRAPH_MAX_NODES.
warning: Call graph for 'ns3::StaWifiMac::Receive' not generated, too many nodes. Consider increasing DOT_GRAPH_MAX_NODES.
warning: Caller graph for 'ns3::TestCase::AddTestCase' not generated, too many nodes. Consider increasing DOT_GRAPH_MAX_NODES.
warning: Caller graph for 'ns3::TestCase::GetName' not generated, too many nodes. Consider increasing DOT_GRAPH_MAX_NODES.
warning: Caller graph for 'ns3::Time::GetSeconds' not generated, too many nodes. Consider increasing DOT_GRAPH_MAX_NODES.
/home/pregis/ns3/ns-3.23/src/spectrum/helper/tv-spectrum-transmitter-helper.h:204: warning: argument 'stream' of command @param is not found in the argument list of ns3::TvSpectrumTransmitterHelper::AssignStreams(int64_t streamNum)
/home/pregis/ns3/ns-3.23/src/spectrum/helper/tv-spectrum-transmitter-helper.h:204: warning: The following parameters of ns3::TvSpectrumTransmitterHelper::AssignStreams(int64_t streamNum) are not documented:
  parameter 'streamNum'
/home/pregis/ns3/ns-3.23/src/core/model/type-id.h:325: warning: argument 'callback' of command @param is not found in the argument list of ns3::TypeId::AddTraceSource(std::string name, std::string help, Ptr< const TraceSourceAccessor > accessor)
warning: Caller graph for 'ns3::TypeId::GetName' not generated, too many nodes. Consider increasing DOT_GRAPH_MAX_NODES.
warning: Caller graph for 'ns3::TypeId::SetParent' not generated, too many nodes. Consider increasing DOT_GRAPH_MAX_NODES.
/home/pregis/ns3/ns-3.23/src/lte/model/lte-ue-phy.cc:82: warning: The following parameters of ns3::UeMemberLteUePhySapProvider::SendRachPreamble(uint32_t prachId, uint32_t raRnti) are not documented:
  parameter 'raRnti'
warning: Caller graph for 'ns3::UniformRandomVariable::GetValue' not generated, too many nodes. Consider increasing DOT_GRAPH_MAX_NODES.
/home/pregis/ns3/ns-3.23/src/wave/model/vsa-manager.h:130: warning: argument 'channelNumber' of command @param is not found in the argument list of ns3::VsaManager::RemoveByOrganizationIdentifier(const OrganizationIdentifier &oi)
/home/pregis/ns3/ns-3.23/src/wave/model/vsa-manager.h:130: warning: The following parameters of ns3::VsaManager::RemoveByOrganizationIdentifier(const OrganizationIdentifier &oi) are not documented:
  parameter 'oi'
/home/pregis/ns3/ns-3.23/src/wave/helper/wave-bsm-helper.h:80: warning: argument 'gpsAccuracy' of command @param is not found in the argument list of ns3::WaveBsmHelper::Install(Ipv4InterfaceContainer &i, Time totalTime, uint32_t wavePacketSize, Time waveInterval, double gpsAccuracyNs, std::vector< double > ranges, int chAccessMode, Time txMaxDelay)
/home/pregis/ns3/ns-3.23/src/wave/helper/wave-bsm-helper.h:80: warning: argument 'range' of command @param is not found in the argument list of ns3::WaveBsmHelper::Install(Ipv4InterfaceContainer &i, Time totalTime, uint32_t wavePacketSize, Time waveInterval, double gpsAccuracyNs, std::vector< double > ranges, int chAccessMode, Time txMaxDelay)
/home/pregis/ns3/ns-3.23/src/wave/helper/wave-bsm-helper.h:80: warning: The following parameters of ns3::WaveBsmHelper::Install(Ipv4InterfaceContainer &i, Time totalTime, uint32_t wavePacketSize, Time waveInterval, double gpsAccuracyNs, std::vector< double > ranges, int chAccessMode, Time txMaxDelay) are not documented:
  parameter 'gpsAccuracyNs'
  parameter 'ranges'
  parameter 'chAccessMode'
  parameter 'txMaxDelay'
/home/pregis/ns3/ns-3.23/src/wave/helper/wave-bsm-stats.h:142: warning: argument 'range' of command @param is not found in the argument list of ns3::WaveBsmStats::SetExpectedRxPktCount(int index, int count)
/home/pregis/ns3/ns-3.23/src/wave/helper/wave-bsm-stats.h:142: warning: The following parameters of ns3::WaveBsmStats::SetExpectedRxPktCount(int index, int count) are not documented:
  parameter 'index'
/home/pregis/ns3/ns-3.23/src/wave/helper/wave-bsm-stats.h:150: warning: argument 'range' of command @param is not found in the argument list of ns3::WaveBsmStats::SetRxPktInRangeCount(int index, int count)
/home/pregis/ns3/ns-3.23/src/wave/helper/wave-bsm-stats.h:150: warning: The following parameters of ns3::WaveBsmStats::SetRxPktInRangeCount(int index, int count) are not documented:
  parameter 'index'
/home/pregis/ns3/ns-3.23/src/wave/model/wave-net-device.h:196: warning: argument 'sch_info' of command @param is not found in the argument list of ns3::WaveNetDevice::StartSch(const SchInfo &schInfo)
/home/pregis/ns3/ns-3.23/src/wave/model/wave-net-device.h:196: warning: The following parameters of ns3::WaveNetDevice::StartSch(const SchInfo &schInfo) are not documented:
  parameter 'schInfo'
/home/pregis/ns3/ns-3.23/src/wave/model/wave-net-device.h:207: warning: argument 'vsa_info' of command @param is not found in the argument list of ns3::WaveNetDevice::StartVsa(const VsaInfo &vsaInfo)
/home/pregis/ns3/ns-3.23/src/wave/model/wave-net-device.h:207: warning: The following parameters of ns3::WaveNetDevice::StartVsa(const VsaInfo &vsaInfo) are not documented:
  parameter 'vsaInfo'
/home/pregis/ns3/ns-3.23/src/wave/helper/wifi-80211p-helper.h:63: warning: argument 'mac' of command @param is not found in the argument list of ns3::Wifi80211pHelper::Install(const WifiPhyHelper &phy, const WifiMacHelper &macHelper, NodeContainer c) const
/home/pregis/ns3/ns-3.23/src/wave/helper/wifi-80211p-helper.h:63: warning: The following parameters of ns3::Wifi80211pHelper::Install(const WifiPhyHelper &phy, const WifiMacHelper &macHelper, NodeContainer c) const are not documented:
  parameter 'macHelper'
warning: Caller graph for 'ns3::WifiMacHeader::GetAddr1' not generated, too many nodes. Consider increasing DOT_GRAPH_MAX_NODES.
warning: Caller graph for 'ns3::WifiModeFactory::CreateWifiMode' not generated, too many nodes. Consider increasing DOT_GRAPH_MAX_NODES.
/home/pregis/ns3/ns-3.23/src/wifi/model/wifi-remote-station-manager.h:101: warning: argument 'phy' of command @param is not found in the argument list of ns3::WifiRemoteStationManager::SetupMac(Ptr< WifiMac > mac)
/home/pregis/ns3/ns-3.23/src/wifi/model/wifi-remote-station-manager.h:101: warning: The following parameters of ns3::WifiRemoteStationManager::SetupMac(Ptr< WifiMac > mac) are not documented:
  parameter 'mac'
/home/pregis/ns3/ns-3.23/src/mesh/model/dot11s/hwmp-protocol-mac.h:72: warning: argument 'dest' of command @param is not found in the argument list of ns3::dot11s::HwmpProtocolMac::ForwardPerr(std::vector< HwmpProtocol::FailedDestination > destinations, std::vector< Mac48Address > receivers)
/home/pregis/ns3/ns-3.23/src/mesh/model/dot11s/hwmp-protocol-mac.h:72: warning: argument 'originator_seqno' of command @param is not found in the argument list of ns3::dot11s::HwmpProtocolMac::ForwardPerr(std::vector< HwmpProtocol::FailedDestination > destinations, std::vector< Mac48Address > receivers)
/home/pregis/ns3/ns-3.23/src/mesh/model/dot11s/hwmp-protocol-mac.h:72: warning: argument 'dst_seqno' of command @param is not found in the argument list of ns3::dot11s::HwmpProtocolMac::ForwardPerr(std::vector< HwmpProtocol::FailedDestination > destinations, std::vector< Mac48Address > receivers)
/home/pregis/ns3/ns-3.23/src/mesh/model/dot11s/hwmp-protocol-mac.h:72: warning: The following parameters of ns3::dot11s::HwmpProtocolMac::ForwardPerr(std::vector< HwmpProtocol::FailedDestination > destinations, std::vector< Mac48Address > receivers) are not documented:
  parameter 'destinations'
  parameter 'receivers'
/home/pregis/ns3/ns-3.23/src/mesh/model/dot11s/hwmp-protocol-mac.h:72: warning: argument 'dest' of command @param is not found in the argument list of ns3::dot11s::HwmpProtocolMac::InitiatePerr(std::vector< HwmpProtocol::FailedDestination > destinations, std::vector< Mac48Address > receivers)
/home/pregis/ns3/ns-3.23/src/mesh/model/dot11s/hwmp-protocol-mac.h:72: warning: argument 'originator_seqno' of command @param is not found in the argument list of ns3::dot11s::HwmpProtocolMac::InitiatePerr(std::vector< HwmpProtocol::FailedDestination > destinations, std::vector< Mac48Address > receivers)
/home/pregis/ns3/ns-3.23/src/mesh/model/dot11s/hwmp-protocol-mac.h:72: warning: argument 'dst_seqno' of command @param is not found in the argument list of ns3::dot11s::HwmpProtocolMac::InitiatePerr(std::vector< HwmpProtocol::FailedDestination > destinations, std::vector< Mac48Address > receivers)
/home/pregis/ns3/ns-3.23/src/mesh/model/dot11s/hwmp-protocol-mac.h:72: warning: The following parameters of ns3::dot11s::HwmpProtocolMac::InitiatePerr(std::vector< HwmpProtocol::FailedDestination > destinations, std::vector< Mac48Address > receivers) are not documented:
  parameter 'destinations'
  parameter 'receivers'
/home/pregis/ns3/ns-3.23/src/mesh/model/dot11s/hwmp-protocol-mac.h:72: warning: argument 'dest' of command @param is not found in the argument list of ns3::dot11s::HwmpProtocolMac::SendPrep(IePrep prep, Mac48Address receiver)
/home/pregis/ns3/ns-3.23/src/mesh/model/dot11s/hwmp-protocol-mac.h:72: warning: argument 'originator_seqno' of command @param is not found in the argument list of ns3::dot11s::HwmpProtocolMac::SendPrep(IePrep prep, Mac48Address receiver)
/home/pregis/ns3/ns-3.23/src/mesh/model/dot11s/hwmp-protocol-mac.h:72: warning: argument 'dst_seqno' of command @param is not found in the argument list of ns3::dot11s::HwmpProtocolMac::SendPrep(IePrep prep, Mac48Address receiver)
/home/pregis/ns3/ns-3.23/src/mesh/model/dot11s/hwmp-protocol-mac.h:72: warning: The following parameters of ns3::dot11s::HwmpProtocolMac::SendPrep(IePrep prep, Mac48Address receiver) are not documented:
  parameter 'prep'
  parameter 'receiver'
/home/pregis/ns3/ns-3.23/src/mesh/model/dot11s/hwmp-protocol-mac.h:72: warning: argument 'dest' of command @param is not found in the argument list of ns3::dot11s::HwmpProtocolMac::SendPreq(IePreq preq)
/home/pregis/ns3/ns-3.23/src/mesh/model/dot11s/hwmp-protocol-mac.h:72: warning: argument 'originator_seqno' of command @param is not found in the argument list of ns3::dot11s::HwmpProtocolMac::SendPreq(IePreq preq)
/home/pregis/ns3/ns-3.23/src/mesh/model/dot11s/hwmp-protocol-mac.h:72: warning: argument 'dst_seqno' of command @param is not found in the argument list of ns3::dot11s::HwmpProtocolMac::SendPreq(IePreq preq)
/home/pregis/ns3/ns-3.23/src/mesh/model/dot11s/hwmp-protocol-mac.h:72: warning: The following parameters of ns3::dot11s::HwmpProtocolMac::SendPreq(IePreq preq) are not documented:
  parameter 'preq'
/home/pregis/ns3/ns-3.23/src/mesh/model/dot11s/hwmp-protocol-mac.h:72: warning: argument 'dest' of command @param is not found in the argument list of ns3::dot11s::HwmpProtocolMac::SendPreq(std::vector< IePreq > preq)
/home/pregis/ns3/ns-3.23/src/mesh/model/dot11s/hwmp-protocol-mac.h:72: warning: argument 'originator_seqno' of command @param is not found in the argument list of ns3::dot11s::HwmpProtocolMac::SendPreq(std::vector< IePreq > preq)
/home/pregis/ns3/ns-3.23/src/mesh/model/dot11s/hwmp-protocol-mac.h:72: warning: argument 'dst_seqno' of command @param is not found in the argument list of ns3::dot11s::HwmpProtocolMac::SendPreq(std::vector< IePreq > preq)
/home/pregis/ns3/ns-3.23/src/mesh/model/dot11s/hwmp-protocol-mac.h:72: warning: The following parameters of ns3::dot11s::HwmpProtocolMac::SendPreq(std::vector< IePreq > preq) are not documented:
  parameter 'preq'
/home/pregis/ns3/ns-3.23/src/dsr/model/dsr-routing.h:448: warning: The following parameters of ns3::dsr::DsrRouting::ScheduleCachedReply(Ptr< Packet > packet, Ipv4Address source, Ipv4Address destination, Ptr< Ipv4Route > route, double hops) are not documented:
  parameter 'hops'
/home/pregis/ns3/ns-3.23/src/olsr/model/olsr-header.cc:83: warning: argument 'olsr_format' of command @param is not found in the argument list of ns3::olsr::EmfToSeconds(uint8_t olsrFormat)
/home/pregis/ns3/ns-3.23/src/olsr/model/olsr-header.cc:83: warning: The following parameters of ns3::olsr::EmfToSeconds(uint8_t olsrFormat) are not documented:
  parameter 'olsrFormat'
/home/pregis/ns3/ns-3.23/src/olsr/model/olsr-routing-protocol.cc:3242: warning: argument 'iface' of command @param is not found in the argument list of ns3::olsr::RoutingProtocol::AddEntry(const Ipv4Address &dest, const Ipv4Address &next, uint32_t interface, uint32_t distance)
/home/pregis/ns3/ns-3.23/src/olsr/model/olsr-routing-protocol.cc:3242: warning: argument 'dist' of command @param is not found in the argument list of ns3::olsr::RoutingProtocol::AddEntry(const Ipv4Address &dest, const Ipv4Address &next, uint32_t interface, uint32_t distance)
/home/pregis/ns3/ns-3.23/src/olsr/model/olsr-routing-protocol.cc:3242: warning: The following parameters of ns3::olsr::RoutingProtocol::AddEntry(const Ipv4Address &dest, const Ipv4Address &next, uint32_t interface, uint32_t distance) are not documented:
  parameter 'interface'
  parameter 'distance'
/home/pregis/ns3/ns-3.23/src/olsr/model/olsr-routing-protocol.cc:2956: warning: argument 'e' of command @param is not found in the argument list of ns3::olsr::RoutingProtocol::AssociationTupleTimerExpire(Ipv4Address gatewayAddr, Ipv4Address networkAddr, Ipv4Mask netmask)
/home/pregis/ns3/ns-3.23/src/olsr/model/olsr-routing-protocol.cc:2956: warning: The following parameters of ns3::olsr::RoutingProtocol::AssociationTupleTimerExpire(Ipv4Address gatewayAddr, Ipv4Address networkAddr, Ipv4Mask netmask) are not documented:
  parameter 'gatewayAddr'
  parameter 'networkAddr'
  parameter 'netmask'
/home/pregis/ns3/ns-3.23/src/olsr/model/olsr-routing-protocol.cc:2777: warning: argument 'tuple' of command @param is not found in the argument list of ns3::olsr::RoutingProtocol::DupTupleTimerExpire(Ipv4Address address, uint16_t sequenceNumber)
/home/pregis/ns3/ns-3.23/src/olsr/model/olsr-routing-protocol.cc:2777: warning: The following parameters of ns3::olsr::RoutingProtocol::DupTupleTimerExpire(Ipv4Address address, uint16_t sequenceNumber) are not documented:
  parameter 'address'
  parameter 'sequenceNumber'
/home/pregis/ns3/ns-3.23/src/olsr/model/olsr-routing-protocol.cc:3021: warning: The following parameters of ns3::olsr::RoutingProtocol::FindSendEntry(const RoutingTableEntry &entry, RoutingTableEntry &outEntry) const are not documented:
  parameter 'outEntry'
/home/pregis/ns3/ns-3.23/src/olsr/model/olsr-routing-protocol.cc:1500: warning: argument 'p' of command @param is not found in the argument list of ns3::olsr::RoutingProtocol::ForwardDefault(olsr::MessageHeader olsrMessage, DuplicateTuple *duplicated, const Ipv4Address &localIface, const Ipv4Address &senderAddress)
/home/pregis/ns3/ns-3.23/src/olsr/model/olsr-routing-protocol.cc:1500: warning: argument 'msg' of command @param is not found in the argument list of ns3::olsr::RoutingProtocol::ForwardDefault(olsr::MessageHeader olsrMessage, DuplicateTuple *duplicated, const Ipv4Address &localIface, const Ipv4Address &senderAddress)
/home/pregis/ns3/ns-3.23/src/olsr/model/olsr-routing-protocol.cc:1500: warning: argument 'dup_tuple' of command @param is not found in the argument list of ns3::olsr::RoutingProtocol::ForwardDefault(olsr::MessageHeader olsrMessage, DuplicateTuple *duplicated, const Ipv4Address &localIface, const Ipv4Address &senderAddress)
/home/pregis/ns3/ns-3.23/src/olsr/model/olsr-routing-protocol.cc:1500: warning: argument 'local_iface' of command @param is not found in the argument list of ns3::olsr::RoutingProtocol::ForwardDefault(olsr::MessageHeader olsrMessage, DuplicateTuple *duplicated, const Ipv4Address &localIface, const Ipv4Address &senderAddress)
/home/pregis/ns3/ns-3.23/src/olsr/model/olsr-routing-protocol.cc:1500: warning: The following parameters of ns3::olsr::RoutingProtocol::ForwardDefault(olsr::MessageHeader olsrMessage, DuplicateTuple *duplicated, const Ipv4Address &localIface, const Ipv4Address &senderAddress) are not documented:
  parameter 'olsrMessage'
  parameter 'duplicated'
  parameter 'localIface'
  parameter 'senderAddress'
/home/pregis/ns3/ns-3.23/src/olsr/model/olsr-routing-protocol.cc:2721: warning: argument 'e' of command @param is not found in the argument list of ns3::olsr::RoutingProtocol::HelloTimerExpire()
/home/pregis/ns3/ns-3.23/src/olsr/model/olsr-routing-protocol.cc:2932: warning: argument 'e' of command @param is not found in the argument list of ns3::olsr::RoutingProtocol::IfaceAssocTupleTimerExpire(Ipv4Address ifaceAddr)
/home/pregis/ns3/ns-3.23/src/olsr/model/olsr-routing-protocol.cc:2932: warning: The following parameters of ns3::olsr::RoutingProtocol::IfaceAssocTupleTimerExpire(Ipv4Address ifaceAddr) are not documented:
  parameter 'ifaceAddr'
/home/pregis/ns3/ns-3.23/src/olsr/model/olsr-routing-protocol.cc:2805: warning: argument 'e' of command @param is not found in the argument list of ns3::olsr::RoutingProtocol::LinkTupleTimerExpire(Ipv4Address neighborIfaceAddr)
/home/pregis/ns3/ns-3.23/src/olsr/model/olsr-routing-protocol.cc:2805: warning: The following parameters of ns3::olsr::RoutingProtocol::LinkTupleTimerExpire(Ipv4Address neighborIfaceAddr) are not documented:
  parameter 'neighborIfaceAddr'
/home/pregis/ns3/ns-3.23/src/olsr/model/olsr-routing-protocol.cc:2436: warning: The following parameters of ns3::olsr::RoutingProtocol::LinkTupleUpdated(const LinkTuple &tuple, uint8_t willingness) are not documented:
  parameter 'willingness'
/home/pregis/ns3/ns-3.23/src/olsr/model/olsr-routing-protocol.cc:2750: warning: argument 'e' of command @param is not found in the argument list of ns3::olsr::RoutingProtocol::MidTimerExpire()
/home/pregis/ns3/ns-3.23/src/olsr/model/olsr-routing-protocol.cc:2878: warning: argument 'e' of command @param is not found in the argument list of ns3::olsr::RoutingProtocol::MprSelTupleTimerExpire(Ipv4Address mainAddr)
/home/pregis/ns3/ns-3.23/src/olsr/model/olsr-routing-protocol.cc:2878: warning: The following parameters of ns3::olsr::RoutingProtocol::MprSelTupleTimerExpire(Ipv4Address mainAddr) are not documented:
  parameter 'mainAddr'
/home/pregis/ns3/ns-3.23/src/olsr/model/olsr-routing-protocol.cc:2850: warning: argument 'e' of command @param is not found in the argument list of ns3::olsr::RoutingProtocol::Nb2hopTupleTimerExpire(Ipv4Address neighborMainAddr, Ipv4Address twoHopNeighborAddr)
/home/pregis/ns3/ns-3.23/src/olsr/model/olsr-routing-protocol.cc:2850: warning: The following parameters of ns3::olsr::RoutingProtocol::Nb2hopTupleTimerExpire(Ipv4Address neighborMainAddr, Ipv4Address twoHopNeighborAddr) are not documented:
  parameter 'neighborMainAddr'
  parameter 'twoHopNeighborAddr'
/home/pregis/ns3/ns-3.23/src/olsr/model/olsr-routing-protocol.cc:1196: warning: argument 'receiver_iface' of command @param is not found in the argument list of ns3::olsr::RoutingProtocol::ProcessHello(const olsr::MessageHeader &msg, const Ipv4Address &receiverIface, const Ipv4Address &senderIface)
/home/pregis/ns3/ns-3.23/src/olsr/model/olsr-routing-protocol.cc:1196: warning: argument 'sender_iface' of command @param is not found in the argument list of ns3::olsr::RoutingProtocol::ProcessHello(const olsr::MessageHeader &msg, const Ipv4Address &receiverIface, const Ipv4Address &senderIface)
/home/pregis/ns3/ns-3.23/src/olsr/model/olsr-routing-protocol.cc:1196: warning: The following parameters of ns3::olsr::RoutingProtocol::ProcessHello(const olsr::MessageHeader &msg, const Ipv4Address &receiverIface, const Ipv4Address &senderIface) are not documented:
  parameter 'receiverIface'
  parameter 'senderIface'
/home/pregis/ns3/ns-3.23/src/olsr/model/olsr-routing-protocol.cc:1434: warning: argument 'sender_iface' of command @param is not found in the argument list of ns3::olsr::RoutingProtocol::ProcessHna(const olsr::MessageHeader &msg, const Ipv4Address &senderIface)
/home/pregis/ns3/ns-3.23/src/olsr/model/olsr-routing-protocol.cc:1434: warning: The following parameters of ns3::olsr::RoutingProtocol::ProcessHna(const olsr::MessageHeader &msg, const Ipv4Address &senderIface) are not documented:
  parameter 'senderIface'
/home/pregis/ns3/ns-3.23/src/olsr/model/olsr-routing-protocol.cc:1355: warning: argument 'sender_iface' of command @param is not found in the argument list of ns3::olsr::RoutingProtocol::ProcessMid(const olsr::MessageHeader &msg, const Ipv4Address &senderIface)
/home/pregis/ns3/ns-3.23/src/olsr/model/olsr-routing-protocol.cc:1355: warning: The following parameters of ns3::olsr::RoutingProtocol::ProcessMid(const olsr::MessageHeader &msg, const Ipv4Address &senderIface) are not documented:
  parameter 'senderIface'
/home/pregis/ns3/ns-3.23/src/olsr/model/olsr-routing-protocol.cc:1260: warning: argument 'sender_iface' of command @param is not found in the argument list of ns3::olsr::RoutingProtocol::ProcessTc(const olsr::MessageHeader &msg, const Ipv4Address &senderIface)
/home/pregis/ns3/ns-3.23/src/olsr/model/olsr-routing-protocol.cc:1260: warning: The following parameters of ns3::olsr::RoutingProtocol::ProcessTc(const olsr::MessageHeader &msg, const Ipv4Address &senderIface) are not documented:
  parameter 'senderIface'
/home/pregis/ns3/ns-3.23/src/olsr/model/olsr-routing-protocol.cc:1577: warning: argument 'msg' of command @param is not found in the argument list of ns3::olsr::RoutingProtocol::QueueMessage(const olsr::MessageHeader &message, Time delay)
/home/pregis/ns3/ns-3.23/src/olsr/model/olsr-routing-protocol.cc:1577: warning: The following parameters of ns3::olsr::RoutingProtocol::QueueMessage(const olsr::MessageHeader &message, Time delay) are not documented:
  parameter 'message'
/home/pregis/ns3/ns-3.23/src/olsr/model/olsr-routing-protocol.cc:2732: warning: argument 'e' of command @param is not found in the argument list of ns3::olsr::RoutingProtocol::TcTimerExpire()
/home/pregis/ns3/ns-3.23/src/olsr/model/olsr-routing-protocol.cc:2905: warning: argument 'e' of command @param is not found in the argument list of ns3::olsr::RoutingProtocol::TopologyTupleTimerExpire(Ipv4Address destAddr, Ipv4Address lastAddr)
/home/pregis/ns3/ns-3.23/src/olsr/model/olsr-routing-protocol.cc:2905: warning: The following parameters of ns3::olsr::RoutingProtocol::TopologyTupleTimerExpire(Ipv4Address destAddr, Ipv4Address lastAddr) are not documented:
  parameter 'destAddr'
  parameter 'lastAddr'
warning: Caller graph for 'visualizer.core.start' not generated, too many nodes. Consider increasing DOT_GRAPH_MAX_NODES.
